<?xml version="1.0" encoding="UTF-8"?>
<!-- Generated by org.testng.reporters.JUnitXMLReporter -->
<testsuite hostname="Notebook" ignored="0" name="Test" tests="1" failures="1" timestamp="14 Sep 2019 13:27:14 GMT" time="0.065" errors="0">
  <testcase name="openGmail" time="0.018" classname="com.qa.tests.OpenGmail">
    <failure type="java.lang.NullPointerException">
      <![CDATA[java.lang.NullPointerException
at com.qa.tests.OpenGmail.openGmail(OpenGmail.java:17)
... Removed 25 stack frames]]>
    </failure>
  </testcase> <!-- openGmail -->
</testsuite> <!-- Test -->
