<?xml version="1.0" encoding="UTF-8"?>
<testng-results skipped="0" failed="0" total="1" passed="1">
  <reporter-output>
  </reporter-output>
  <suite name="Default suite" duration-ms="5784" started-at="2019-09-29T06:48:50Z" finished-at="2019-09-29T06:48:56Z">
    <groups>
    </groups>
    <test name="Default test" duration-ms="5784" started-at="2019-09-29T06:48:50Z" finished-at="2019-09-29T06:48:56Z">
      <class name="com.qa.tests.NewTest">
        <test-method status="PASS" signature="driverInitialization()[pri:0, instance:com.qa.tests.NewTest@59fa1d9b]" name="driverInitialization" is-config="true" duration-ms="3481" started-at="2019-09-29T14:48:50Z" finished-at="2019-09-29T14:48:54Z">
          <reporter-output>
          </reporter-output>
        </test-method> <!-- driverInitialization -->
        <test-method status="PASS" signature="openGmail()[pri:0, instance:com.qa.tests.NewTest@59fa1d9b]" name="openGmail" duration-ms="2283" started-at="2019-09-29T14:48:54Z" finished-at="2019-09-29T14:48:56Z">
          <reporter-output>
          </reporter-output>
        </test-method> <!-- openGmail -->
      </class> <!-- com.qa.tests.NewTest -->
    </test> <!-- Default test -->
  </suite> <!-- Default suite -->
</testng-results>
